0 info it worked if it ends with ok
1 verbose cli [ '/usr/local/Cellar/node/5.10.1/bin/node',
1 verbose cli   '/usr/local/bin/npm',
1 verbose cli   'publish' ]
2 info using npm@3.8.6
3 info using node@v5.10.1
4 verbose publish [ '.' ]
5 silly cache add args [ '.', null ]
6 verbose cache add spec .
7 silly cache add parsed spec Result {
7 silly cache add   raw: '.',
7 silly cache add   scope: null,
7 silly cache add   name: null,
7 silly cache add   rawSpec: '.',
7 silly cache add   spec: '/Users/ell0bo/Dropbox/workspace/bmoor',
7 silly cache add   type: 'directory' }
8 verbose addLocalDirectory /Users/ell0bo/.npm/bmoor/0.3.4/package.tgz not in flight; packing
9 verbose correctMkdir /Users/ell0bo/.npm correctMkdir not in flight; initializing
10 info lifecycle bmoor@0.3.4~prepublish: bmoor@0.3.4
11 silly lifecycle bmoor@0.3.4~prepublish: no script for prepublish, continuing
12 verbose tar pack [ '/Users/ell0bo/.npm/bmoor/0.3.4/package.tgz',
12 verbose tar pack   '/Users/ell0bo/Dropbox/workspace/bmoor' ]
13 verbose tarball /Users/ell0bo/.npm/bmoor/0.3.4/package.tgz
14 verbose folder /Users/ell0bo/Dropbox/workspace/bmoor
15 verbose addLocalTarball adding from inside cache /Users/ell0bo/.npm/bmoor/0.3.4/package.tgz
16 verbose correctMkdir /Users/ell0bo/.npm correctMkdir not in flight; initializing
17 silly cache afterAdd bmoor@0.3.4
18 verbose afterAdd /Users/ell0bo/.npm/bmoor/0.3.4/package/package.json not in flight; writing
19 verbose correctMkdir /Users/ell0bo/.npm correctMkdir not in flight; initializing
20 verbose afterAdd /Users/ell0bo/.npm/bmoor/0.3.4/package/package.json written
21 silly publish { name: 'bmoor',
21 silly publish   version: '0.3.4',
21 silly publish   author: { name: 'Brian Heilman', email: 'das.ist.junk@gmail.com' },
21 silly publish   descritpion: 'A system for pulling your site together',
21 silly publish   license: 'MIT',
21 silly publish   repository: { type: 'git', url: 'git://github.com/b-heilman/bmoor.git' },
21 silly publish   main: 'bmoor.js',
21 silly publish   scripts: { demo: 'gulp serve', build: 'gulp build' },
21 silly publish   dependencies: { 'es6-promise': '^3.1.2' },
21 silly publish   devDependencies:
21 silly publish    { babel: '^6.5.2',
21 silly publish      'babel-core': '^6.7.7',
21 silly publish      'babel-loader': '^6.2.4',
21 silly publish      'babel-preset-es2015': '^6.6.0',
21 silly publish      gulp: '^3.9.1',
21 silly publish      'gulp-jshint': '^2.0.0',
21 silly publish      'gulp-karma': '0.0.5',
21 silly publish      'gulp-load-plugins': '^1.2.2',
21 silly publish      'gulp-webpack': '^1.5.0',
21 silly publish      'gulp-webserver': '^0.9.1',
21 silly publish      'gulp-yuidoc': '^0.1.2',
21 silly publish      jasmine: '^2.4.1',
21 silly publish      jshint: '^2.9.2',
21 silly publish      'jshint-stylish': '^2.1.0',
21 silly publish      karma: '^0.13.22',
21 silly publish      'karma-chrome-launcher': '^0.2.3',
21 silly publish      'karma-jasmine': '^0.3.8',
21 silly publish      'karma-phantomjs-launcher': '^1.0.0',
21 silly publish      'map-stream': '0.0.6',
21 silly publish      'phantomjs-polyfill': '0.0.2',
21 silly publish      'phantomjs-prebuilt': '^2.1.7',
21 silly publish      webpack: '^1.13.0' },
21 silly publish   readme: 'bmoor - Help your code do more\r\n==================================================\r\n\r\nbmoor used to be about managing defining object and ensuring the loading order of classes being defined. Now, I am going to leverage es6 and webpack to take care of those concerns.  For now, it will simply be a collection of functionality I use different places.  I am looking into figuring out how to manage es6 injection for better testing, but that will be a later feature.\r\n\r\nI am currently rebuilding it, but want to push out the basics a while.  I wouldn\'t use this in development.',
21 silly publish   readmeFilename: 'README.md',
21 silly publish   gitHead: '4b6b534ded6a1b75eb10c421e7f875b472eb4d6f',
21 silly publish   description: 'bmoor - Help your code do more\r ==================================================',
21 silly publish   bugs: { url: 'https://github.com/b-heilman/bmoor/issues' },
21 silly publish   homepage: 'https://github.com/b-heilman/bmoor#readme',
21 silly publish   _id: 'bmoor@0.3.4',
21 silly publish   _shasum: '41c09f66f488a43b10640d4e99a1f2bf74c06cce',
21 silly publish   _from: '.' }
22 verbose getPublishConfig undefined
23 silly mapToRegistry name bmoor
24 silly mapToRegistry using default registry
25 silly mapToRegistry registry https://registry.npmjs.org/
26 silly mapToRegistry data Result {
26 silly mapToRegistry   raw: 'bmoor',
26 silly mapToRegistry   scope: null,
26 silly mapToRegistry   name: 'bmoor',
26 silly mapToRegistry   rawSpec: '',
26 silly mapToRegistry   spec: 'latest',
26 silly mapToRegistry   type: 'tag' }
27 silly mapToRegistry uri https://registry.npmjs.org/bmoor
28 verbose publish registryBase https://registry.npmjs.org/
29 silly publish uploading /Users/ell0bo/.npm/bmoor/0.3.4/package.tgz
30 verbose request uri https://registry.npmjs.org/bmoor
31 verbose request sending authorization for write operation
32 info attempt registry request try #1 at 10:52:29 PM
33 verbose request using bearer token for auth
34 verbose request id 497ca4d72a07564c
35 http request PUT https://registry.npmjs.org/bmoor
36 http 403 https://registry.npmjs.org/bmoor
37 verbose headers { 'content-type': 'application/json',
37 verbose headers   'cache-control': 'max-age=300',
37 verbose headers   'content-length': '95',
37 verbose headers   'accept-ranges': 'bytes',
37 verbose headers   date: 'Tue, 14 Jun 2016 02:52:27 GMT',
37 verbose headers   via: '1.1 varnish',
37 verbose headers   connection: 'keep-alive',
37 verbose headers   'x-served-by': 'cache-jfk1022-JFK',
37 verbose headers   'x-cache': 'MISS',
37 verbose headers   'x-cache-hits': '0',
37 verbose headers   'x-timer': 'S1465872745.905837,VS0,VE1219',
37 verbose headers   vary: 'Accept-Encoding' }
38 verbose request invalidating /Users/ell0bo/.npm/registry.npmjs.org/bmoor on PUT
39 error publish Failed PUT 403
40 verbose stack Error: "You cannot publish over the previously published version 0.3.4." : bmoor
40 verbose stack     at makeError (/usr/local/lib/node_modules/npm/node_modules/npm-registry-client/lib/request.js:264:12)
40 verbose stack     at CachingRegistryClient.<anonymous> (/usr/local/lib/node_modules/npm/node_modules/npm-registry-client/lib/request.js:252:14)
40 verbose stack     at Request._callback (/usr/local/lib/node_modules/npm/node_modules/npm-registry-client/lib/request.js:172:14)
40 verbose stack     at Request.self.callback (/usr/local/lib/node_modules/npm/node_modules/request/request.js:199:22)
40 verbose stack     at emitTwo (events.js:100:13)
40 verbose stack     at Request.emit (events.js:185:7)
40 verbose stack     at Request.<anonymous> (/usr/local/lib/node_modules/npm/node_modules/request/request.js:1036:10)
40 verbose stack     at emitOne (events.js:95:20)
40 verbose stack     at Request.emit (events.js:182:7)
40 verbose stack     at IncomingMessage.<anonymous> (/usr/local/lib/node_modules/npm/node_modules/request/request.js:963:12)
41 verbose statusCode 403
42 verbose pkgid bmoor
43 verbose cwd /Users/ell0bo/Dropbox/workspace/bmoor
44 error Darwin 15.5.0
45 error argv "/usr/local/Cellar/node/5.10.1/bin/node" "/usr/local/bin/npm" "publish"
46 error node v5.10.1
47 error npm  v3.8.6
48 error code E403
49 error "You cannot publish over the previously published version 0.3.4." : bmoor
50 error If you need help, you may report this error at:
50 error     <https://github.com/npm/npm/issues>
51 verbose exit [ 1, true ]
